1. Locking server -  0:35:14.53
2. Server locked -  0:35:14.54
3. Unlocking server -  0:37:34.97
4. Server unlocked -  0:37:34.98
5. Extra unlocking -  0:37:38.99    
6. Extra unlocked -  0:37:39.00
7. Updating Mods -  0:37:39.00
1. Locking server -  0:35:14.32
2. Server locked -  0:35:14.33
3. Unlocking server -  0:37:34.77
4. Server unlocked -  0:37:34.78
5. Extra unlocking -  0:37:38.79    
6. Extra unlocked -  0:37:38.80
7. Updating Mods -  0:37:38.80
1. Locking server -  0:35:18.01
2. Server locked -  0:35:18.03
3. Unlocking server -  0:37:38.51
4. Server unlocked -  0:37:38.52
5. Extra unlocking -  0:37:42.53    
6. Extra unlocked -  0:37:42.55
7. Updating Mods -  0:37:42.55
