05.09.2021 16:04:51 [AirRaid] 'AirRaid.json' found, loading existing config
05.09.2021 16:04:51 [AirRaid] Air Raid started!
05.09.2021 16:04:51 [AirRaid] world name chernarusplus
05.09.2021 17:06:40 [AirRaid] Bomber plane spawn <0.000000, 550.000000, 3843.867188>
05.09.2021 17:06:40 [AirRaid] random Bombing target Elektrozavodsk square <10484.000000, 0.000000, 2350.000000>
05.09.2021 17:06:40 [AirRaid] bomber angle -0.141537
05.09.2021 17:06:40 [AirRaid] member angle -0.141537
05.09.2021 17:06:40 [AirRaid] member angle -0.141537
05.09.2021 17:06:40 [AirRaid] Started siren at coords <10258.000000, 24.000000, 2169.000000>
05.09.2021 17:08:41 [AirRaid] Stopped siren at coords <10258.000000, 24.000000, 2169.000000>
05.09.2021 18:07:21 [AirRaid] Bomber plane spawn <0.000000, 550.000000, 8556.823242>
05.09.2021 18:07:21 [AirRaid] random Bombing target Berezino Lumbermill <12777.509766, 0.000000, 9673.000000>
05.09.2021 18:07:21 [AirRaid] bomber angle 0.0871336
05.09.2021 18:07:21 [AirRaid] member angle 0.0871336
05.09.2021 18:07:21 [AirRaid] member angle 0.0871336
05.09.2021 18:07:21 [AirRaid] Started siren at coords <12816.900391, 24.000000, 9978.099609>
05.09.2021 18:10:02 [AirRaid] Stopped siren at coords <12816.900391, 24.000000, 9978.099609>
05.09.2021 19:08:08 [AirRaid] Bomber plane spawn <15360.000000, 550.000000, 5185.001953>
05.09.2021 19:08:08 [AirRaid] random Bombing target NWAF SW <4538.000000, 0.000000, 9616.000000>
05.09.2021 19:08:08 [AirRaid] bomber angle 2.75297
05.09.2021 19:08:08 [AirRaid] member angle 2.75297
05.09.2021 19:08:08 [AirRaid] member angle 2.75297
05.09.2021 19:08:08 [AirRaid] Started siren at coords <4607.000000, 24.000000, 9438.000000>
05.09.2021 19:10:23 [AirRaid] Stopped siren at coords <4607.000000, 24.000000, 9438.000000>
